[30-Jan-2020 17:39:02 UTC] PHP Fatal error:  Uncaught Error: Call to undefined function caweb_nav_menu_theme_locations() in /var/www/wp-sites/4.sites.ca.gov/wp-content/themes/CAWeb/functions.php:145
Stack trace:
#0 /var/www/wp-sites/4.sites.ca.gov/wp-includes/class-wp-hook.php(288): caweb_setup_theme('')
#1 /var/www/wp-sites/4.sites.ca.gov/wp-includes/class-wp-hook.php(312): WP_Hook->apply_filters(NULL, Array)
#2 /var/www/wp-sites/4.sites.ca.gov/wp-includes/plugin.php(478): WP_Hook->do_action(Array)
#3 /var/www/wp-sites/4.sites.ca.gov/wp-settings.php(507): do_action('after_setup_the...')
#4 /var/www/wp-sites/4.sites.ca.gov/wp-config.php(142): require_once('/var/www/wp-sit...')
#5 /var/www/wp-sites/4.sites.ca.gov/wp-load.php(37): require_once('/var/www/wp-sit...')
#6 /var/www/wp-sites/4.sites.ca.gov/wp-admin/admin.php(34): require_once('/var/www/wp-sit...')
#7 /var/www/wp-sites/4.sites.ca.gov/wp-admin/network/admin.php(13): require_once('/var/www/wp-sit...')
#8 /var/www/wp-sites/4.sites.ca.gov/wp-admin/network/themes.php(11): require_once('/var/www/wp-si in /var/www/wp-sites/4.sites.ca.gov/wp-content/themes/CAWeb/functions.php on line 145
[30-Jan-2020 17:39:13 UTC] PHP Fatal error:  Uncaught Error: Call to undefined function caweb_nav_menu_theme_locations() in /var/www/wp-sites/4.sites.ca.gov/wp-content/themes/CAWeb/functions.php:145
Stack trace:
#0 /var/www/wp-sites/4.sites.ca.gov/wp-includes/class-wp-hook.php(288): caweb_setup_theme('')
#1 /var/www/wp-sites/4.sites.ca.gov/wp-includes/class-wp-hook.php(312): WP_Hook->apply_filters(NULL, Array)
#2 /var/www/wp-sites/4.sites.ca.gov/wp-includes/plugin.php(478): WP_Hook->do_action(Array)
#3 /var/www/wp-sites/4.sites.ca.gov/wp-settings.php(507): do_action('after_setup_the...')
#4 /var/www/wp-sites/4.sites.ca.gov/wp-config.php(142): require_once('/var/www/wp-sit...')
#5 /var/www/wp-sites/4.sites.ca.gov/wp-load.php(37): require_once('/var/www/wp-sit...')
#6 /var/www/wp-sites/4.sites.ca.gov/wp-admin/admin-ajax.php(22): require_once('/var/www/wp-sit...')
#7 {main}
  thrown in /var/www/wp-sites/4.sites.ca.gov/wp-content/themes/CAWeb/functions.php on line 145
[30-Jan-2020 17:39:22 UTC] PHP Fatal error:  Uncaught Error: Call to undefined function caweb_nav_menu_theme_locations() in /var/www/wp-sites/4.sites.ca.gov/wp-content/themes/CAWeb/functions.php:145
Stack trace:
#0 /var/www/wp-sites/4.sites.ca.gov/wp-includes/class-wp-hook.php(288): caweb_setup_theme('')
#1 /var/www/wp-sites/4.sites.ca.gov/wp-includes/class-wp-hook.php(312): WP_Hook->apply_filters(NULL, Array)
#2 /var/www/wp-sites/4.sites.ca.gov/wp-includes/plugin.php(478): WP_Hook->do_action(Array)
#3 /var/www/wp-sites/4.sites.ca.gov/wp-settings.php(507): do_action('after_setup_the...')
#4 /var/www/wp-sites/4.sites.ca.gov/wp-config.php(142): require_once('/var/www/wp-sit...')
#5 /var/www/wp-sites/4.sites.ca.gov/wp-load.php(37): require_once('/var/www/wp-sit...')
#6 /var/www/wp-sites/4.sites.ca.gov/wp-admin/admin.php(34): require_once('/var/www/wp-sit...')
#7 /var/www/wp-sites/4.sites.ca.gov/wp-admin/network/admin.php(13): require_once('/var/www/wp-sit...')
#8 /var/www/wp-sites/4.sites.ca.gov/wp-admin/network/themes.php(11): require_once('/var/www/wp-si in /var/www/wp-sites/4.sites.ca.gov/wp-content/themes/CAWeb/functions.php on line 145
[30-Jan-2020 17:41:08 UTC] PHP Fatal error:  Uncaught Error: Call to undefined function caweb_nav_menu_theme_locations() in /var/www/wp-sites/4.sites.ca.gov/wp-content/themes/CAWeb/functions.php:145
Stack trace:
#0 /var/www/wp-sites/4.sites.ca.gov/wp-includes/class-wp-hook.php(288): caweb_setup_theme('')
#1 /var/www/wp-sites/4.sites.ca.gov/wp-includes/class-wp-hook.php(312): WP_Hook->apply_filters(NULL, Array)
#2 /var/www/wp-sites/4.sites.ca.gov/wp-includes/plugin.php(478): WP_Hook->do_action(Array)
#3 /var/www/wp-sites/4.sites.ca.gov/wp-settings.php(507): do_action('after_setup_the...')
#4 /var/www/wp-sites/4.sites.ca.gov/wp-config.php(142): require_once('/var/www/wp-sit...')
#5 /var/www/wp-sites/4.sites.ca.gov/wp-load.php(37): require_once('/var/www/wp-sit...')
#6 /var/www/wp-sites/4.sites.ca.gov/wp-blog-header.php(13): require_once('/var/www/wp-sit...')
#7 /var/www/wp-sites/4.sites.ca.gov/index.php(17): require('/var/www/wp-sit...')
#8 {main}

Next Exception: Call to undefined function caweb_nav_menu_theme_locations() in /var/www/wp-sites/4.sites.ca. in /var/www/wp-sites/4.sites.ca.gov/wp-content/plugins/query-monitor/collectors/php_errors.php on line 82
[30-Jan-2020 17:41:14 UTC] PHP Fatal error:  Uncaught Error: Call to undefined function caweb_nav_menu_theme_locations() in /var/www/wp-sites/4.sites.ca.gov/wp-content/themes/CAWeb/functions.php:145
Stack trace:
#0 /var/www/wp-sites/4.sites.ca.gov/wp-includes/class-wp-hook.php(288): caweb_setup_theme('')
#1 /var/www/wp-sites/4.sites.ca.gov/wp-includes/class-wp-hook.php(312): WP_Hook->apply_filters(NULL, Array)
#2 /var/www/wp-sites/4.sites.ca.gov/wp-includes/plugin.php(478): WP_Hook->do_action(Array)
#3 /var/www/wp-sites/4.sites.ca.gov/wp-settings.php(507): do_action('after_setup_the...')
#4 /var/www/wp-sites/4.sites.ca.gov/wp-config.php(142): require_once('/var/www/wp-sit...')
#5 /var/www/wp-sites/4.sites.ca.gov/wp-load.php(37): require_once('/var/www/wp-sit...')
#6 /var/www/wp-sites/4.sites.ca.gov/wp-admin/admin-ajax.php(22): require_once('/var/www/wp-sit...')
#7 {main}
  thrown in /var/www/wp-sites/4.sites.ca.gov/wp-content/themes/CAWeb/functions.php on line 145
[30-Jan-2020 17:41:36 UTC] PHP Fatal error:  Uncaught Error: Call to undefined function caweb_nav_menu_theme_locations() in /var/www/wp-sites/4.sites.ca.gov/wp-content/themes/CAWeb/functions.php:145
Stack trace:
#0 /var/www/wp-sites/4.sites.ca.gov/wp-includes/class-wp-hook.php(288): caweb_setup_theme('')
#1 /var/www/wp-sites/4.sites.ca.gov/wp-includes/class-wp-hook.php(312): WP_Hook->apply_filters(NULL, Array)
#2 /var/www/wp-sites/4.sites.ca.gov/wp-includes/plugin.php(478): WP_Hook->do_action(Array)
#3 /var/www/wp-sites/4.sites.ca.gov/wp-settings.php(507): do_action('after_setup_the...')
#4 /var/www/wp-sites/4.sites.ca.gov/wp-config.php(142): require_once('/var/www/wp-sit...')
#5 /var/www/wp-sites/4.sites.ca.gov/wp-load.php(37): require_once('/var/www/wp-sit...')
#6 /var/www/wp-sites/4.sites.ca.gov/wp-blog-header.php(13): require_once('/var/www/wp-sit...')
#7 /var/www/wp-sites/4.sites.ca.gov/index.php(17): require('/var/www/wp-sit...')
#8 {main}
  thrown in /var/www/wp-sites/4.sites.ca.gov/wp-content/themes/CAWeb/functions.php on line 145
[30-Jan-2020 17:44:08 UTC] PHP Warning:  Cannot modify header information - headers already sent in /var/www/wp-sites/4.sites.ca.gov/wp-content/plugins/my-chatbot/my-chatbot.php on line 262
[30-Jan-2020 17:48:17 UTC] PHP Fatal error:  Uncaught Error: Call to undefined function caweb_nav_menu_theme_locations() in /var/www/wp-sites/4.sites.ca.gov/wp-content/themes/CAWeb/functions.php:145
Stack trace:
#0 /var/www/wp-sites/4.sites.ca.gov/wp-includes/class-wp-hook.php(288): caweb_setup_theme('')
#1 /var/www/wp-sites/4.sites.ca.gov/wp-includes/class-wp-hook.php(312): WP_Hook->apply_filters(NULL, Array)
#2 /var/www/wp-sites/4.sites.ca.gov/wp-includes/plugin.php(478): WP_Hook->do_action(Array)
#3 /var/www/wp-sites/4.sites.ca.gov/wp-settings.php(507): do_action('after_setup_the...')
#4 /var/www/wp-sites/4.sites.ca.gov/wp-config.php(142): require_once('/var/www/wp-sit...')
#5 /var/www/wp-sites/4.sites.ca.gov/wp-load.php(37): require_once('/var/www/wp-sit...')
#6 /var/www/wp-sites/4.sites.ca.gov/wp-admin/admin-ajax.php(22): require_once('/var/www/wp-sit...')
#7 {main}
  thrown in /var/www/wp-sites/4.sites.ca.gov/wp-content/themes/CAWeb/functions.php on line 145
[30-Jan-2020 17:48:34 UTC] PHP Fatal error:  Uncaught Error: Call to undefined function caweb_nav_menu_theme_locations() in /var/www/wp-sites/4.sites.ca.gov/wp-content/themes/CAWeb/functions.php:145
Stack trace:
#0 /var/www/wp-sites/4.sites.ca.gov/wp-includes/class-wp-hook.php(288): caweb_setup_theme('')
#1 /var/www/wp-sites/4.sites.ca.gov/wp-includes/class-wp-hook.php(312): WP_Hook->apply_filters(NULL, Array)
#2 /var/www/wp-sites/4.sites.ca.gov/wp-includes/plugin.php(478): WP_Hook->do_action(Array)
#3 /var/www/wp-sites/4.sites.ca.gov/wp-settings.php(507): do_action('after_setup_the...')
#4 /var/www/wp-sites/4.sites.ca.gov/wp-config.php(142): require_once('/var/www/wp-sit...')
#5 /var/www/wp-sites/4.sites.ca.gov/wp-load.php(37): require_once('/var/www/wp-sit...')
#6 /var/www/wp-sites/4.sites.ca.gov/wp-admin/admin.php(34): require_once('/var/www/wp-sit...')
#7 /var/www/wp-sites/4.sites.ca.gov/wp-admin/network/admin.php(13): require_once('/var/www/wp-sit...')
#8 /var/www/wp-sites/4.sites.ca.gov/wp-admin/network/themes.php(11): require_once('/var/www/wp-si in /var/www/wp-sites/4.sites.ca.gov/wp-content/themes/CAWeb/functions.php on line 145
[30-Jan-2020 17:49:00 UTC] PHP Fatal error:  Uncaught Error: Call to undefined function caweb_nav_menu_theme_locations() in /var/www/wp-sites/4.sites.ca.gov/wp-content/themes/CAWeb/functions.php:145
Stack trace:
#0 /var/www/wp-sites/4.sites.ca.gov/wp-includes/class-wp-hook.php(288): caweb_setup_theme('')
#1 /var/www/wp-sites/4.sites.ca.gov/wp-includes/class-wp-hook.php(312): WP_Hook->apply_filters(NULL, Array)
#2 /var/www/wp-sites/4.sites.ca.gov/wp-includes/plugin.php(478): WP_Hook->do_action(Array)
#3 /var/www/wp-sites/4.sites.ca.gov/wp-settings.php(507): do_action('after_setup_the...')
#4 /var/www/wp-sites/4.sites.ca.gov/wp-config.php(142): require_once('/var/www/wp-sit...')
#5 /var/www/wp-sites/4.sites.ca.gov/wp-load.php(37): require_once('/var/www/wp-sit...')
#6 /var/www/wp-sites/4.sites.ca.gov/wp-admin/admin-ajax.php(22): require_once('/var/www/wp-sit...')
#7 {main}
  thrown in /var/www/wp-sites/4.sites.ca.gov/wp-content/themes/CAWeb/functions.php on line 145
[30-Jan-2020 17:49:17 UTC] PHP Fatal error:  Uncaught Error: Call to undefined function caweb_nav_menu_theme_locations() in /var/www/wp-sites/4.sites.ca.gov/wp-content/themes/CAWeb/functions.php:145
Stack trace:
#0 /var/www/wp-sites/4.sites.ca.gov/wp-includes/class-wp-hook.php(288): caweb_setup_theme('')
#1 /var/www/wp-sites/4.sites.ca.gov/wp-includes/class-wp-hook.php(312): WP_Hook->apply_filters(NULL, Array)
#2 /var/www/wp-sites/4.sites.ca.gov/wp-includes/plugin.php(478): WP_Hook->do_action(Array)
#3 /var/www/wp-sites/4.sites.ca.gov/wp-settings.php(507): do_action('after_setup_the...')
#4 /var/www/wp-sites/4.sites.ca.gov/wp-config.php(142): require_once('/var/www/wp-sit...')
#5 /var/www/wp-sites/4.sites.ca.gov/wp-load.php(37): require_once('/var/www/wp-sit...')
#6 /var/www/wp-sites/4.sites.ca.gov/wp-admin/admin-ajax.php(22): require_once('/var/www/wp-sit...')
#7 {main}
  thrown in /var/www/wp-sites/4.sites.ca.gov/wp-content/themes/CAWeb/functions.php on line 145
[30-Jan-2020 17:52:11 UTC] PHP Warning:  Cannot modify header information - headers already sent in /var/www/wp-sites/4.sites.ca.gov/wp-content/plugins/my-chatbot/my-chatbot.php on line 262
[30-Jan-2020 17:56:28 UTC] PHP Warning:  Cannot modify header information - headers already sent in /var/www/wp-sites/4.sites.ca.gov/wp-content/plugins/my-chatbot/my-chatbot.php on line 262
[30-Jan-2020 18:02:31 UTC] PHP Warning:  Cannot modify header information - headers already sent in /var/www/wp-sites/4.sites.ca.gov/wp-content/plugins/my-chatbot/my-chatbot.php on line 262
[30-Jan-2020 18:09:00 UTC]  .../components/init.php:279  et_core_page_resource_get():
Removing extra page resource file: /var/www/wp-sites/4.sites.ca.gov/wp-content/et-cache/1/22/global/et-divi-customizer-global-15804077045705.min.css

